<?xml version="1.0" encoding="UTF-8"?>
<testsuite xmlns:xsi="http://www.w3.org/2001/XMLSchema-instance" xsi:noNamespaceSchemaLocation="https://maven.apache.org/surefire/maven-surefire-plugin/xsd/surefire-test-report.xsd" version="3.0.2" name="com.github.maximslepukhin.intershop.controller.ItemControllerTest" time="4.438" tests="5" errors="0" skipped="0" failures="0">
  <properties>
[...]
</properties>
  <testcase name="testReactiveConnectionWithBlock" classname="com.github.maximslepukhin.intershop.controller.ItemControllerTest" time="0.471">
    <system-out><![CDATA[22:36:42.320 [main] INFO org.springframework.test.context.support.AnnotationConfigContextLoaderUtils -- Could not detect default configuration classes for test class [com.github.maximslepukhin.intershop.controller.AbstractIntegrationTest]: AbstractIntegrationTest does not declare any static, non-private, non-final, nested classes annotated with @Configuration.
22:36:42.401 [main] INFO org.springframework.boot.test.context.SpringBootTestContextBootstrapper -- Found @SpringBootConfiguration com.github.maximslepukhin.intershop.InterShopApplication for test class com.github.maximslepukhin.intershop.controller.ItemControllerTest
22:36:42.463 [main] INFO org.testcontainers.images.PullPolicy -- Image pull policy will be performed by: DefaultPullPolicy()
22:36:42.465 [main] INFO org.testcontainers.utility.ImageNameSubstitutor -- Image name substitution will be performed by: DefaultImageNameSubstitutor (composite of 'ConfigurationFileImageNameSubstitutor' and 'PrefixingImageNameSubstitutor')

  .   ____          _            __ _ _
 /\\ / ___'_ __ _ _(_)_ __  __ _ \ \ \ \
( ( )\___ | '_ | '_| | '_ \/ _` | \ \ \ \
 \\/  ___)| |_)| | | | | || (_| |  ) ) ) )
  '  |____| .__|_| |_|_| |_\__, | / / / /
 =========|_|==============|___/=/_/_/_/

 :: Spring Boot ::                (v3.5.0)

2025-07-01T22:36:42.631+03:00  INFO 5371 --- [onlinestore] [           main] org.testcontainers.DockerClientFactory   : Testcontainers version: 1.21.0
2025-07-01T22:36:42.754+03:00  INFO 5371 --- [onlinestore] [           main] o.t.d.DockerClientProviderStrategy       : Loaded org.testcontainers.dockerclient.UnixSocketClientProviderStrategy from ~/.testcontainers.properties, will try it first
2025-07-01T22:36:42.902+03:00  INFO 5371 --- [onlinestore] [           main] o.t.d.DockerClientProviderStrategy       : Found Docker environment with local Unix socket (unix:///var/run/docker.sock)
2025-07-01T22:36:42.903+03:00  INFO 5371 --- [onlinestore] [           main] org.testcontainers.DockerClientFactory   : Docker host IP address is localhost
2025-07-01T22:36:42.917+03:00  INFO 5371 --- [onlinestore] [           main] org.testcontainers.DockerClientFactory   : Connected to docker: 
  Server Version: 27.3.1
  API Version: 1.47
  Operating System: Docker Desktop
  Total Memory: 7837 MB
  Labels: 
    com.docker.desktop.address=unix:///Users/maksim/Library/Containers/com.docker.docker/Data/docker-cli.sock
2025-07-01T22:36:43.005+03:00  INFO 5371 --- [onlinestore] [           main] tc.testcontainers/ryuk:0.11.0            : Creating container for image: testcontainers/ryuk:0.11.0
2025-07-01T22:36:43.014+03:00  INFO 5371 --- [onlinestore] [           main] o.t.utility.RegistryAuthLocator          : Failure when attempting to lookup auth config. Please ignore if you don't have images in an authenticated registry. Details: (dockerImageName: testcontainers/ryuk:0.11.0, configFile: /Users/maksim/.docker/config.json, configEnv: DOCKER_AUTH_CONFIG). Falling back to docker-java default behaviour. Exception message: Could not execute [docker-credential-desktop, get]. Error=2, No such file or directory
2025-07-01T22:36:43.091+03:00  INFO 5371 --- [onlinestore] [           main] tc.testcontainers/ryuk:0.11.0            : Container testcontainers/ryuk:0.11.0 is starting: 02633a4afd68e6f167683ce9b04d256e93a77b13f787a62797523e66e6778fc6
2025-07-01T22:36:43.287+03:00  INFO 5371 --- [onlinestore] [           main] tc.testcontainers/ryuk:0.11.0            : Container testcontainers/ryuk:0.11.0 started in PT0.282158S
2025-07-01T22:36:43.291+03:00  INFO 5371 --- [onlinestore] [           main] o.t.utility.RyukResourceReaper           : Ryuk started - will monitor and terminate Testcontainers containers on JVM exit
2025-07-01T22:36:43.291+03:00  INFO 5371 --- [onlinestore] [           main] org.testcontainers.DockerClientFactory   : Checking the system...
2025-07-01T22:36:43.291+03:00  INFO 5371 --- [onlinestore] [           main] org.testcontainers.DockerClientFactory   : ✔︎ Docker server version should be at least 1.6.0
2025-07-01T22:36:43.292+03:00  INFO 5371 --- [onlinestore] [           main] tc.postgres:15                           : Creating container for image: postgres:15
2025-07-01T22:36:43.331+03:00  INFO 5371 --- [onlinestore] [           main] tc.postgres:15                           : Container postgres:15 is starting: e96561c5fdb373219df41cb3f78722c8370e7faa49bb24f0d1948228907ab351
2025-07-01T22:36:44.114+03:00  INFO 5371 --- [onlinestore] [           main] tc.postgres:15                           : Container postgres:15 started in PT0.822406S
2025-07-01T22:36:44.116+03:00  INFO 5371 --- [onlinestore] [           main] tc.postgres:15                           : Container is started (JDBC URL: jdbc:postgresql://localhost:58320/testdb?loggerLevel=OFF)
2025-07-01T22:36:44.121+03:00  INFO 5371 --- [onlinestore] [           main] c.g.m.i.controller.ItemControllerTest    : Starting ItemControllerTest using Java 23.0.2 with PID 5371 (started by maksim in /Users/maksim/Desktop/onlinestore_react)
2025-07-01T22:36:44.122+03:00  INFO 5371 --- [onlinestore] [           main] c.g.m.i.controller.ItemControllerTest    : No active profile set, falling back to 1 default profile: "default"
2025-07-01T22:36:44.407+03:00  INFO 5371 --- [onlinestore] [           main] .s.d.r.c.RepositoryConfigurationDelegate : Bootstrapping Spring Data R2DBC repositories in DEFAULT mode.
2025-07-01T22:36:44.489+03:00  INFO 5371 --- [onlinestore] [           main] .s.d.r.c.RepositoryConfigurationDelegate : Finished Spring Data repository scanning in 78 ms. Found 3 R2DBC repository interfaces.
2025-07-01T22:36:44.898+03:00 DEBUG 5371 --- [onlinestore] [           main] s.w.r.r.m.a.RequestMappingHandlerMapping : 10 mappings in 'requestMappingHandlerMapping'
2025-07-01T22:36:44.904+03:00 DEBUG 5371 --- [onlinestore] [           main] o.s.w.r.handler.SimpleUrlHandlerMapping  : Patterns [/webjars/**, /**] in 'resourceHandlerMapping'
2025-07-01T22:36:44.925+03:00 DEBUG 5371 --- [onlinestore] [           main] o.s.w.r.r.m.a.ControllerMethodResolver   : ControllerAdvice beans: none
2025-07-01T22:36:44.939+03:00 DEBUG 5371 --- [onlinestore] [           main] o.s.w.s.adapter.HttpWebHandlerAdapter    : enableLoggingRequestDetails='false': form data and headers will be masked to prevent unsafe logging of potentially sensitive data
2025-07-01T22:36:45.239+03:00 DEBUG 5371 --- [onlinestore] [           main] o.s.w.s.adapter.HttpWebHandlerAdapter    : enableLoggingRequestDetails='false': form data and headers will be masked to prevent unsafe logging of potentially sensitive data
2025-07-01T22:36:45.258+03:00  INFO 5371 --- [onlinestore] [           main] c.g.m.i.controller.ItemControllerTest    : Started ItemControllerTest in 2.754 seconds (process running for 3.331)
Saved item: Ноутбук Lenovo
Saved item: Смартфон Samsung
Saved item: Наушники Sony
Saved item: Фотоаппарат Canon
Saved item: Умные часы Apple
Saved item: Планшет iPad Pro
Saved item: Монитор Dell
Saved item: Клавиатура Logitech
Saved item: Мышь Razer
Saved item: Колонка JBL
Saved item: Электронная книга Kindle
Saved item: Роутер TP-Link
]]></system-out>
    <system-err><![CDATA[Mockito is currently self-attaching to enable the inline-mock-maker. This will no longer work in future releases of the JDK. Please add Mockito as an agent to your build as described in Mockito's documentation: https://javadoc.io/doc/org.mockito/mockito-core/latest/org.mockito/org/mockito/Mockito.html#0.3
WARNING: A Java agent has been loaded dynamically (/Users/maksim/.m2/repository/net/bytebuddy/byte-buddy-agent/1.17.5/byte-buddy-agent-1.17.5.jar)
WARNING: If a serviceability tool is in use, please run with -XX:+EnableDynamicAgentLoading to hide this warning
WARNING: If a serviceability tool is not in use, please run with -Djdk.instrument.traceUsage for more information
WARNING: Dynamic loading of agents will be disallowed by default in a future release
]]></system-err>
  </testcase>
  <testcase name="testGetItemById" classname="com.github.maximslepukhin.intershop.controller.ItemControllerTest" time="0.286">
    <system-out><![CDATA[2025-07-01T22:36:46.246+03:00 DEBUG 5371 --- [onlinestore] [           main] o.s.w.r.f.client.ExchangeFunctions       : [36f438f1] HTTP GET /items/15
2025-07-01T22:36:46.254+03:00 DEBUG 5371 --- [onlinestore] [     parallel-1] o.s.w.s.adapter.HttpWebHandlerAdapter    : [5751ca6] HTTP GET "/items/15"
2025-07-01T22:36:46.258+03:00 DEBUG 5371 --- [onlinestore] [     parallel-1] s.w.r.r.m.a.RequestMappingHandlerMapping : [5751ca6] Mapped to com.github.maximslepukhin.intershop.controller.ItemController#showItem(Long, Model, WebSession)
2025-07-01T22:36:46.270+03:00 DEBUG 5371 --- [onlinestore] [     parallel-2] o.s.w.s.s.DefaultWebSessionManager       : Created new WebSession.
2025-07-01T22:36:46.306+03:00 DEBUG 5371 --- [onlinestore] [actor-tcp-nio-6] o.s.w.r.r.v.ViewResolutionResultHandler  : [5751ca6] Using 'text/html' given [*/*] and supported [text/html, application/xhtml+xml, application/xml, text/xml, application/rss+xml, application/atom+xml, application/javascript, application/ecmascript, text/javascript, text/ecmascript, application/json, text/css, text/plain, text/event-stream]
2025-07-01T22:36:46.446+03:00 DEBUG 5371 --- [onlinestore] [actor-tcp-nio-6] o.s.w.s.adapter.HttpWebHandlerAdapter    : [5751ca6] Completed 200 OK
2025-07-01T22:36:46.447+03:00 DEBUG 5371 --- [onlinestore] [actor-tcp-nio-6] o.s.w.r.f.client.ExchangeFunctions       : [36f438f1] [5541705b] Response 200 OK
2025-07-01T22:36:46.453+03:00 DEBUG 5371 --- [onlinestore] [           main] org.springframework.web.HttpLogging      : [36f438f1] [5541705b] Decoded "<!DOCTYPE html><EOL><html lang="en"><EOL><EOL><head><EOL>    <meta charSet="UTF-8"/><EOL>    <title>Витрина товаров</tit (truncated)..."
]]></system-out>
  </testcase>
  <testcase name="testSearchItems" classname="com.github.maximslepukhin.intershop.controller.ItemControllerTest" time="0.105">
    <system-out><![CDATA[2025-07-01T22:36:46.527+03:00 DEBUG 5371 --- [onlinestore] [           main] o.s.w.r.f.client.ExchangeFunctions       : [47d7e4b6] HTTP GET /main/items?search=Lenovo
2025-07-01T22:36:46.528+03:00 DEBUG 5371 --- [onlinestore] [     parallel-3] o.s.w.s.adapter.HttpWebHandlerAdapter    : [435075e5] HTTP GET "/main/items?search=Lenovo"
2025-07-01T22:36:46.528+03:00 DEBUG 5371 --- [onlinestore] [     parallel-3] s.w.r.r.m.a.RequestMappingHandlerMapping : [435075e5] Mapped to com.github.maximslepukhin.intershop.controller.ItemController#showItems(String, SortType, int, int, WebSession, Model)
2025-07-01T22:36:46.530+03:00 DEBUG 5371 --- [onlinestore] [     parallel-4] o.s.w.s.s.DefaultWebSessionManager       : Created new WebSession.
2025-07-01T22:36:46.573+03:00 DEBUG 5371 --- [onlinestore] [actor-tcp-nio-8] o.s.w.r.r.v.ViewResolutionResultHandler  : [435075e5] Using 'text/html' given [*/*] and supported [text/html, application/xhtml+xml, application/xml, text/xml, application/rss+xml, application/atom+xml, application/javascript, application/ecmascript, text/javascript, text/ecmascript, application/json, text/css, text/plain, text/event-stream]
2025-07-01T22:36:46.583+03:00 DEBUG 5371 --- [onlinestore] [actor-tcp-nio-8] o.s.w.s.adapter.HttpWebHandlerAdapter    : [435075e5] Completed 200 OK
2025-07-01T22:36:46.583+03:00 DEBUG 5371 --- [onlinestore] [actor-tcp-nio-8] o.s.w.r.f.client.ExchangeFunctions       : [47d7e4b6] [777b5ee2] Response 200 OK
2025-07-01T22:36:46.583+03:00 DEBUG 5371 --- [onlinestore] [           main] org.springframework.web.HttpLogging      : [47d7e4b6] [777b5ee2] Decoded "<!DOCTYPE html><EOL><html lang="en"><EOL><EOL>        <head><EOL>            <meta charSet="UTF-8"/><EOL>            <ti (truncated)..."
]]></system-out>
  </testcase>
  <testcase name="testGetItemsPage" classname="com.github.maximslepukhin.intershop.controller.ItemControllerTest" time="0.061">
    <system-out><![CDATA[2025-07-01T22:36:46.629+03:00 DEBUG 5371 --- [onlinestore] [           main] o.s.w.r.f.client.ExchangeFunctions       : [47fbf95e] HTTP GET /main/items?pageSize=5&pageNumber=1
2025-07-01T22:36:46.629+03:00 DEBUG 5371 --- [onlinestore] [     parallel-5] o.s.w.s.adapter.HttpWebHandlerAdapter    : [21891fbf] HTTP GET "/main/items?pageSize=5&pageNumber=1"
2025-07-01T22:36:46.629+03:00 DEBUG 5371 --- [onlinestore] [     parallel-5] s.w.r.r.m.a.RequestMappingHandlerMapping : [21891fbf] Mapped to com.github.maximslepukhin.intershop.controller.ItemController#showItems(String, SortType, int, int, WebSession, Model)
2025-07-01T22:36:46.630+03:00 DEBUG 5371 --- [onlinestore] [     parallel-6] o.s.w.s.s.DefaultWebSessionManager       : Created new WebSession.
2025-07-01T22:36:46.640+03:00 DEBUG 5371 --- [onlinestore] [ctor-tcp-nio-10] o.s.w.r.r.v.ViewResolutionResultHandler  : [21891fbf] Using 'text/html' given [*/*] and supported [text/html, application/xhtml+xml, application/xml, text/xml, application/rss+xml, application/atom+xml, application/javascript, application/ecmascript, text/javascript, text/ecmascript, application/json, text/css, text/plain, text/event-stream]
2025-07-01T22:36:46.645+03:00 DEBUG 5371 --- [onlinestore] [ctor-tcp-nio-10] o.s.w.s.adapter.HttpWebHandlerAdapter    : [21891fbf] Completed 200 OK
2025-07-01T22:36:46.645+03:00 DEBUG 5371 --- [onlinestore] [ctor-tcp-nio-10] o.s.w.r.f.client.ExchangeFunctions       : [47fbf95e] [3a0442dd] Response 200 OK
2025-07-01T22:36:46.646+03:00 DEBUG 5371 --- [onlinestore] [           main] org.springframework.web.HttpLogging      : [47fbf95e] [3a0442dd] Decoded "<!DOCTYPE html><EOL><html lang="en"><EOL><EOL>        <head><EOL>            <meta charSet="UTF-8"/><EOL>            <ti (truncated)..."
]]></system-out>
  </testcase>
  <testcase name="testRedirectToMain" classname="com.github.maximslepukhin.intershop.controller.ItemControllerTest" time="0.031">
    <system-out><![CDATA[2025-07-01T22:36:46.675+03:00 DEBUG 5371 --- [onlinestore] [           main] o.s.w.r.f.client.ExchangeFunctions       : [6ce8bf64] HTTP GET /
2025-07-01T22:36:46.675+03:00 DEBUG 5371 --- [onlinestore] [     parallel-7] o.s.w.s.adapter.HttpWebHandlerAdapter    : [10e8a98a] HTTP GET "/"
2025-07-01T22:36:46.675+03:00 DEBUG 5371 --- [onlinestore] [     parallel-7] s.w.r.r.m.a.RequestMappingHandlerMapping : [10e8a98a] Mapped to com.github.maximslepukhin.intershop.controller.ItemController#redirectToMain()
2025-07-01T22:36:46.676+03:00 DEBUG 5371 --- [onlinestore] [     parallel-7] o.s.w.reactive.result.view.RedirectView  : [10e8a98a] View name 'redirect:', model {}
2025-07-01T22:36:46.677+03:00 DEBUG 5371 --- [onlinestore] [     parallel-7] o.s.w.s.adapter.HttpWebHandlerAdapter    : [10e8a98a] Completed 303 SEE_OTHER
2025-07-01T22:36:46.677+03:00 DEBUG 5371 --- [onlinestore] [     parallel-7] o.s.w.r.f.client.ExchangeFunctions       : [6ce8bf64] [ae3194d] Response 303 SEE_OTHER
]]></system-out>
  </testcase>
</testsuite>